#
# A fatal error has been detected by the Java Runtime Environment:
#
#  EXCEPTION_ACCESS_VIOLATION (0xc0000005) at pc=0x00000000674f4979, pid=7576, tid=7048
#
# JRE version: Java(TM) SE Runtime Environment (7.0_67-b01) (build 1.7.0_67-b01)
# Java VM: Java HotSpot(TM) 64-Bit Server VM (24.65-b04 mixed mode windows-amd64 compressed oops)
# Problematic frame:
# V  [jvm.dll+0x54979]
#
# Failed to write core dump. Minidumps are not enabled by default on client versions of Windows
#
# If you would like to submit a bug report, please visit:
#   http://bugreport.sun.com/bugreport/crash.jsp
#

---------------  T H R E A D  ---------------

Current thread (0x0000000009396000):  JavaThread "JDWP Transport Listener: dt_socket" daemon [_thread_in_vm, id=7048, stack(0x000000000a900000,0x000000000aa00000)]

siginfo: ExceptionCode=0xc0000005, reading address 0x000000000000000c

Registers:
RAX=0x000000000000000c, RBX=0x0000000009396000, RCX=0x0000000000000000, RDX=0x0000000000000000
RSP=0x000000000a9ff2a0, RBP=0x000000000000000c, RSI=0x0000000000000000, RDI=0x0000000000000010
R8 =0x00000000e0fd03a0, R9 =0x0000000000000000, R10=0x0000000000000000, R11=0x0000000000000001
R12=0x0000000000000000, R13=0x000000000938cc28, R14=0x0000000000000000, R15=0x0000000000000000
RIP=0x00000000674f4979, EFLAGS=0x0000000000010246

Top of Stack: (sp=0x000000000a9ff2a0)
0x000000000a9ff2a0:   0000000009396000 0000000000000000
0x000000000a9ff2b0:   0000000000000000 0000000009396000
0x000000000a9ff2c0:   0000000000000000 00000000675bcaa7
0x000000000a9ff2d0:   00000000e0fd03a0 000000000a9ff3f0
0x000000000a9ff2e0:   0000000009366b28 000000000a9ff3c0
0x000000000a9ff2f0:   0000000009396000 0000000000000000
0x000000000a9ff300:   0000000009366b28 000000000a9ff3f0
0x000000000a9ff310:   0000000000000000 000000000938cc28
0x000000000a9ff320:   0000000000000000 0000000066e37d15
0x000000000a9ff330:   000000000a9ff3c0 000000000a9ff3f0
0x000000000a9ff340:   0000000009366b28 00000000093961e8
0x000000000a9ff350:   000000000b292f0a 0000000066e3f090
0x000000000a9ff360:   0000000009010a01 000000000a9ff460
0x000000000a9ff370:   000000000938c801 0000000000000000
0x000000000a9ff380:   00002f3800000013 0000000009010a00
0x000000000a9ff390:   00000000093cbd00 000000006762d3ba 

Instructions: (pc=0x00000000674f4979)
0x00000000674f4959:   d2 48 8b c5 eb 18 48 8b d0 48 8b c5 48 d3 e2 48
0x00000000674f4969:   03 15 41 ff 69 00 eb 06 48 8b 12 48 8b c7 48 98
0x00000000674f4979:   8b 14 10 85 d2 74 2a 45 84 db 4c 63 c6 48 0f 45
0x00000000674f4989:   fd 8d 47 0b 48 63 c8 48 83 e1 f8 48 c1 e9 03 8d 


Register to memory mapping:

RAX=0x000000000000000c is an unknown value
RBX=0x0000000009396000 is a thread
RCX=0x0000000000000000 is an unknown value
RDX=0x0000000000000000 is an unknown value
RSP=0x000000000a9ff2a0 is pointing into the stack for thread: 0x0000000009396000
RBP=0x000000000000000c is an unknown value
RSI=0x0000000000000000 is an unknown value
RDI=0x0000000000000010 is an unknown value
R8 =0x00000000e0fd03a0 is an oop
java.lang.String 
 - klass: 'java/lang/String'
R9 =0x0000000000000000 is an unknown value
R10=0x0000000000000000 is an unknown value
R11=0x0000000000000001 is an unknown value
R12=0x0000000000000000 is an unknown value
R13=0x000000000938cc28 is an unknown value
R14=0x0000000000000000 is an unknown value
R15=0x0000000000000000 is an unknown value


Stack: [0x000000000a900000,0x000000000aa00000],  sp=0x000000000a9ff2a0,  free space=1020k
Native frames: (J=compiled Java code, j=interpreted, Vv=VM code, C=native code)
V  [jvm.dll+0x54979]


---------------  P R O C E S S  ---------------

Java Threads: ( => current thread )
  0x00000000093b9000 JavaThread "Service Thread" daemon [_thread_blocked, id=7364, stack(0x000000000ae00000,0x000000000af00000)]
  0x00000000093be800 JavaThread "C2 CompilerThread1" daemon [_thread_blocked, id=7644, stack(0x000000000ad00000,0x000000000ae00000)]
  0x00000000093bd000 JavaThread "C2 CompilerThread0" daemon [_thread_blocked, id=5144, stack(0x000000000ac00000,0x000000000ad00000)]
  0x00000000093a8800 JavaThread "JDWP Command Reader" daemon [_thread_in_native, id=3364, stack(0x000000000ab00000,0x000000000ac00000)]
  0x00000000093a3800 JavaThread "JDWP Event Helper Thread" daemon [_thread_blocked, id=2212, stack(0x000000000aa00000,0x000000000ab00000)]
=>0x0000000009396000 JavaThread "JDWP Transport Listener: dt_socket" daemon [_thread_in_vm, id=7048, stack(0x000000000a900000,0x000000000aa00000)]
  0x000000000938f000 JavaThread "Attach Listener" daemon [_thread_blocked, id=5420, stack(0x000000000a800000,0x000000000a900000)]
  0x000000000938c000 JavaThread "Signal Dispatcher" daemon [_thread_blocked, id=3760, stack(0x000000000a700000,0x000000000a800000)]
  0x0000000009350000 JavaThread "Finalizer" daemon [_thread_blocked, id=6732, stack(0x000000000a600000,0x000000000a700000)]
  0x0000000009347000 JavaThread "Reference Handler" daemon [_thread_blocked, id=5920, stack(0x000000000a500000,0x000000000a600000)]
  0x0000000002252800 JavaThread "main" [_thread_blocked, id=576, stack(0x0000000002150000,0x0000000002250000)]

Other Threads:
  0x0000000009343000 VMThread [stack: 0x000000000a400000,0x000000000a500000] [id=1424]
  0x00000000093c9000 WatcherThread [stack: 0x000000000af00000,0x000000000b000000] [id=7472]

VM state:not at safepoint (normal execution)

VM Mutex/Monitor currently owned by a thread: None

Heap
 PSYoungGen      total 28672K, used 7027K [0x00000000e0900000, 0x00000000e2880000, 0x0000000100000000)
  eden space 25088K, 28% used [0x00000000e0900000,0x00000000e0fdcd18,0x00000000e2180000)
  from space 3584K, 0% used [0x00000000e2500000,0x00000000e2500000,0x00000000e2880000)
  to   space 3584K, 0% used [0x00000000e2180000,0x00000000e2180000,0x00000000e2500000)
 ParOldGen       total 64000K, used 0K [0x00000000a1c00000, 0x00000000a5a80000, 0x00000000e0900000)
  object space 64000K, 0% used [0x00000000a1c00000,0x00000000a1c00000,0x00000000a5a80000)
 PSPermGen       total 21504K, used 4735K [0x000000009ca00000, 0x000000009df00000, 0x00000000a1c00000)
  object space 21504K, 22% used [0x000000009ca00000,0x000000009ce9feb0,0x000000009df00000)

Card table byte_map: [0x0000000005410000,0x0000000005730000] byte_map_base: 0x0000000004f2b000

Polling page: 0x0000000001f90000

Code Cache  [0x0000000002350000, 0x00000000025c0000, 0x0000000005350000)
 total_blobs=226 nmethods=22 adapters=165 free_code_cache=48711Kb largest_free_block=49865664

Compilation events (10 events):
Event: 0.555 Thread 0x00000000093be800   18             sun.net.www.ParseUtil::encodePath (336 bytes)
Event: 0.577 Thread 0x00000000093bd000   19             java.lang.String::length (6 bytes)
Event: 0.577 Thread 0x00000000093bd000 nmethod 19 0x00000000023b1050 code [0x00000000023b1180, 0x00000000023b1218]
Event: 0.585 Thread 0x00000000093be800 nmethod 18 0x00000000023bfb10 code [0x00000000023bfd60, 0x00000000023c1078]
Event: 0.599 Thread 0x00000000093bd000   20             java.lang.CharacterData::of (120 bytes)
Event: 0.599 Thread 0x00000000093be800   21             java.lang.CharacterDataLatin1::getProperties (11 bytes)
Event: 0.599 Thread 0x00000000093be800 nmethod 21 0x00000000023b0e10 code [0x00000000023b0f40, 0x00000000023b0fd8]
Event: 0.600 Thread 0x00000000093bd000 nmethod 20 0x00000000023b0ad0 code [0x00000000023b0c20, 0x00000000023b0cf8]
Event: 0.604 Thread 0x00000000093be800   22             java.io.Win32FileSystem::normalize (143 bytes)
Event: 0.609 Thread 0x00000000093be800 nmethod 22 0x00000000023b9950 code [0x00000000023b9ac0, 0x00000000023b9ed0]

GC Heap History (0 events):
No events

Deoptimization events (0 events):
No events

Internal exceptions (10 events):
Event: 0.669 Thread 0x0000000002252800 Threw 0x00000000e0fa2d40 at C:\re\jdk7u67\1368\hotspot\src\share\vm\prims\jvm.cpp:1244
Event: 0.670 Thread 0x0000000002252800 Threw 0x00000000e0faa690 at C:\re\jdk7u67\1368\hotspot\src\share\vm\prims\jvm.cpp:1244
Event: 0.670 Thread 0x0000000002252800 Threw 0x00000000e0fad6d0 at C:\re\jdk7u67\1368\hotspot\src\share\vm\prims\jvm.cpp:1244
Event: 0.670 Thread 0x0000000002252800 Threw 0x00000000e0fad968 at C:\re\jdk7u67\1368\hotspot\src\share\vm\classfile\systemDictionary.cpp:174
Event: 0.670 Thread 0x0000000002252800 Threw 0x00000000e0fae150 at C:\re\jdk7u67\1368\hotspot\src\share\vm\prims\jvm.cpp:1244
Event: 0.670 Thread 0x0000000002252800 Threw 0x00000000e0fb2ee8 at C:\re\jdk7u67\1368\hotspot\src\share\vm\prims\jvm.cpp:1244
Event: 0.672 Thread 0x0000000002252800 Threw 0x00000000e0fb77d8 at C:\re\jdk7u67\1368\hotspot\src\share\vm\prims\jvm.cpp:1244
Event: 0.673 Thread 0x0000000002252800 Threw 0x00000000e0fbe588 at C:\re\jdk7u67\1368\hotspot\src\share\vm\prims\jvm.cpp:1244
Event: 0.673 Thread 0x0000000002252800 Threw 0x00000000e0fc6410 at C:\re\jdk7u67\1368\hotspot\src\share\vm\prims\jvm.cpp:1244
Event: 0.675 Thread 0x0000000002252800 Threw 0x00000000e0fcb268 at C:\re\jdk7u67\1368\hotspot\src\share\vm\prims\jvm.cpp:1244

Events (10 events):
Event: 51.882 Executing VM operation: ChangeSingleStep
Event: 51.882 Executing VM operation: ChangeSingleStep done
Event: 51.883 Executing VM operation: ChangeSingleStep
Event: 51.883 Executing VM operation: ChangeSingleStep done
Event: 52.004 Executing VM operation: GetOrSetLocal
Event: 52.004 Executing VM operation: GetOrSetLocal done
Event: 52.005 Executing VM operation: GetOrSetLocal
Event: 52.005 Executing VM operation: GetOrSetLocal done
Event: 52.005 Executing VM operation: GetOrSetLocal
Event: 52.005 Executing VM operation: GetOrSetLocal done


Dynamic libraries:
0x00007ff7e4410000 - 0x00007ff7e4443000 	C:\Program Files\Java\jdk1.7.0_67\jre\bin\java.exe
0x00007ff9acbd0000 - 0x00007ff9acd7c000 	C:\Windows\SYSTEM32\ntdll.dll
0x00007ff9abdb0000 - 0x00007ff9abeee000 	C:\Windows\system32\KERNEL32.DLL
0x00007ff9aa130000 - 0x00007ff9aa245000 	C:\Windows\system32\KERNELBASE.dll
0x00007ff9a88c0000 - 0x00007ff9a894e000 	C:\Windows\system32\apphelp.dll
0x00007ff98ab80000 - 0x00007ff98abd3000 	C:\Windows\AppPatch\AppPatch64\AcGenral.DLL
0x00007ff9aa250000 - 0x00007ff9aa2fa000 	C:\Windows\system32\msvcrt.dll
0x00007ff9a9b50000 - 0x00007ff9a9b7e000 	C:\Windows\SYSTEM32\SspiCli.dll
0x00007ff9acb70000 - 0x00007ff9acbc4000 	C:\Windows\system32\SHLWAPI.dll
0x00007ff9ac460000 - 0x00007ff9ac5d7000 	C:\Windows\system32\USER32.dll
0x00007ff9ac9d0000 - 0x00007ff9acb64000 	C:\Windows\system32\ole32.dll
0x00007ff9aa890000 - 0x00007ff9abda8000 	C:\Windows\system32\SHELL32.dll
0x00007ff9a92c0000 - 0x00007ff9a92e1000 	C:\Windows\SYSTEM32\USERENV.dll
0x00007ff9ac3b0000 - 0x00007ff9ac45a000 	C:\Windows\system32\ADVAPI32.dll
0x00007ff99e770000 - 0x00007ff99e78e000 	C:\Windows\SYSTEM32\MPR.dll
0x00007ff9aa640000 - 0x00007ff9aa781000 	C:\Windows\system32\RPCRT4.dll
0x00007ff9aa5e0000 - 0x00007ff9aa639000 	C:\Windows\SYSTEM32\sechost.dll
0x00007ff9aa300000 - 0x00007ff9aa511000 	C:\Windows\SYSTEM32\combase.dll
0x00007ff9ac860000 - 0x00007ff9ac9b1000 	C:\Windows\system32\GDI32.dll
0x00007ff9a9d20000 - 0x00007ff9a9d35000 	C:\Windows\SYSTEM32\profapi.dll
0x00007ff9a87e0000 - 0x00007ff9a8892000 	C:\Windows\SYSTEM32\SHCORE.dll
0x00007ff9ac820000 - 0x00007ff9ac856000 	C:\Windows\system32\IMM32.DLL
0x00007ff9ac180000 - 0x00007ff9ac2d1000 	C:\Windows\system32\MSCTF.dll
0x00007ff9a77c0000 - 0x00007ff9a7a3b000 	C:\Windows\WinSxS\amd64_microsoft.windows.common-controls_6595b64144ccf1df_6.0.9600.17415_none_6240486fecbd8abb\COMCTL32.dll
0x00000000673c0000 - 0x0000000067492000 	C:\Program Files\Java\jdk1.7.0_67\jre\bin\msvcr100.dll
0x00000000674a0000 - 0x0000000067c72000 	C:\Program Files\Java\jdk1.7.0_67\jre\bin\server\jvm.dll
0x00007ff9a0b60000 - 0x00007ff9a0b69000 	C:\Windows\SYSTEM32\WSOCK32.dll
0x00007ff9a5fa0000 - 0x00007ff9a5fc2000 	C:\Windows\SYSTEM32\WINMM.dll
0x00007ff9ac9c0000 - 0x00007ff9ac9c7000 	C:\Windows\system32\PSAPI.DLL
0x00007ff9aa7c0000 - 0x00007ff9aa81a000 	C:\Windows\system32\WS2_32.dll
0x00007ff9a5ef0000 - 0x00007ff9a5f1a000 	C:\Windows\SYSTEM32\WINMMBASE.dll
0x00007ff9ac160000 - 0x00007ff9ac169000 	C:\Windows\system32\NSI.dll
0x00007ff9aa0e0000 - 0x00007ff9aa12f000 	C:\Windows\SYSTEM32\cfgmgr32.dll
0x00007ff9a8b10000 - 0x00007ff9a8b38000 	C:\Windows\SYSTEM32\DEVOBJ.dll
0x0000000068b30000 - 0x0000000068b3f000 	C:\Program Files\Java\jdk1.7.0_67\jre\bin\verify.dll
0x00000000682c0000 - 0x00000000682e8000 	C:\Program Files\Java\jdk1.7.0_67\jre\bin\java.dll
0x0000000066e30000 - 0x0000000066e65000 	C:\Program Files\Java\jdk1.7.0_67\jre\bin\jdwp.dll
0x0000000066e20000 - 0x0000000066e28000 	C:\Program Files\Java\jdk1.7.0_67\jre\bin\npt.dll
0x00000000673a0000 - 0x00000000673b5000 	C:\Program Files\Java\jdk1.7.0_67\jre\bin\zip.dll
0x0000000066e10000 - 0x0000000066e19000 	C:\Program Files\Java\jdk1.7.0_67\jre\bin\dt_socket.dll
0x00007ff9a9530000 - 0x00007ff9a9589000 	C:\Windows\system32\mswsock.dll
0x00007ff9950b0000 - 0x00007ff99523a000 	C:\Windows\SYSTEM32\dbghelp.dll

VM Arguments:
jvm_args: -Xdebug -Xrunjdwp:transport=dt_socket,server=n,address=11263 
java_command: C:\Users\marti_000\SkyDrive\Dokumenty\FI MUNI\4semester\PV168 Java\projekt\pv168FuelApp\target\surefire\surefirebooter2611454108898719911.jar C:\Users\marti_000\SkyDrive\Dokumenty\FI MUNI\4semester\PV168 Java\projekt\pv168FuelApp\target\surefire\surefire6239936748506290139tmp C:\Users\marti_000\SkyDrive\Dokumenty\FI MUNI\4semester\PV168 Java\projekt\pv168FuelApp\target\surefire\surefire8276054142538757196tmp
Launcher Type: SUN_STANDARD

Environment Variables:
JAVA_HOME=C:\Program Files\Java\jdk1.7.0_67
PATH=C:\Program Files\Haskell\bin;C:\Program Files\Haskell Platform\2014.2.0.0\lib\extralibs\bin;C:\Program Files\Haskell Platform\2014.2.0.0\bin;C:\Program Files (x86)\NVIDIA Corporation\PhysX\Common;C:\Program Files (x86)\Intel\iCLS Client\;C:\Program Files\Intel\iCLS Client\;C:\Windows\system32;C:\Windows;C:\Windows\System32\Wbem;C:\Windows\System32\WindowsPowerShell\v1.0\;C:\Program Files (x86)\Windows Live\Shared;C:\Program Files\Intel\Intel(R) Management Engine Components\DAL;C:\Program Files\Intel\Intel(R) Management Engine Components\IPT;C:\Program Files (x86)\Intel\Intel(R) Management Engine Components\DAL;C:\Program Files (x86)\Intel\Intel(R) Management Engine Components\IPT;C:\Program Files (x86)\Intel\OpenCL SDK\2.0\bin\x86;C:\Program Files (x86)\Intel\OpenCL SDK\2.0\bin\x64;C:\Program Files\Intel\WiFi\bin\;C:\Program Files\Common Files\Intel\WirelessCommon\;C:\Program Files (x86)\Windows Kits\8.1\Windows Performance Toolkit\;C:\Program Files\Microsoft SQL Server\110\Tools\Binn\;C:\Program Files (x86)\Microsoft SQL Server\110\Tools\Binn\ManagementStudio\;C:\Program Files (x86)\Microsoft SQL Server\110\Tools\Binn\;C:\Program Files (x86)\Microsoft SQL Server\110\DTS\Binn\;C:\Program Files\Microsoft SQL Server\110\DTS\Binn\;D:\Programy\TortoiseSVN\bin;D:\Programy\MiKTeX 2.9\miktex\bin\x64\;C:\Program Files\Java\jdk1.7.0_67\bin;C:\Program Files\Haskell Platform\2014.2.0.0\mingw\bin;C:\Program Files (x86)\MySQL\MySQL Fabric 1.5.3 & MySQL Utilities 1.5.3 1.5\;C:\Program Files (x86)\MySQL\MySQL Fabric 1.5.3 & MySQL Utilities 1.5.3 1.5\Doctrine extensions for PHP\;C:\Users\marti_000\AppData\Roaming\cabal\bin
USERNAME=Martin Styk
OS=Windows_NT
PROCESSOR_IDENTIFIER=Intel64 Family 6 Model 58 Stepping 9, GenuineIntel



---------------  S Y S T E M  ---------------

OS: Windows 8.1 , 64 bit Build 9600 

CPU:total 4 (2 cores per cpu, 2 threads per core) family 6 model 58 stepping 9, cmov, cx8, fxsr, mmx, sse, sse2, sse3, ssse3, sse4.1, sse4.2, popcnt, avx, aes, erms, ht, tsc, tscinvbit, tscinv

Memory: 4k page, physical 6174456k(2535804k free), swap 7889128k(2288540k free)

vm_info: Java HotSpot(TM) 64-Bit Server VM (24.65-b04) for windows-amd64 JRE (1.7.0_67-b01), built on Jul 25 2014 08:55:00 by "java_re" with unknown MS VC++:1600

time: Fri Apr 10 13:32:57 2015
elapsed time: 52 seconds

